<?xml version="1.0" encoding="UTF-8"?>
<!-- Generated by org.testng.reporters.JUnitXMLReporter -->
<testsuite hostname="DESKTOP-S9IQEFB" ignored="0" name="Test" tests="2" failures="1" timestamp="2021-03-18T19:41:06 CST" time="18.668" errors="0">
  <testcase name="firstTestCase" time="0.185" classname="ChallengeTest.Unosquare.AmazonTest">
    <failure type="org.testng.internal.reflect.MethodMatcherException" message="
[public void ChallengeTest.Unosquare.AmazonTest.firstTestCase(java.lang.String,java.lang.String) throws java.lang.InterruptedException] has no parameters defined but was found to be using a data provider (either explicitly specified or inherited from class level annotation).
Data provider mismatch
Method: firstTestCase([Parameter{index=0, type=java.lang.String, declaredAnnotations=[]}, Parameter{index=1, type=java.lang.String, declaredAnnotations=[]}])
Arguments: [(java.lang.String) https://amazon.com,Samsung Galaxy Note 10,Echo]">
      <![CDATA[org.testng.internal.reflect.MethodMatcherException: 
[public void ChallengeTest.Unosquare.AmazonTest.firstTestCase(java.lang.String,java.lang.String) throws java.lang.InterruptedException] has no parameters defined but was found to be using a data provider (either explicitly specified or inherited from class level annotation).
Data provider mismatch
Method: firstTestCase([Parameter{index=0, type=java.lang.String, declaredAnnotations=[]}, Parameter{index=1, type=java.lang.String, declaredAnnotations=[]}])
Arguments: [(java.lang.String) https://amazon.com,Samsung Galaxy Note 10,Echo]
at java.util.ArrayList.forEach(ArrayList.java:1257)
... Removed 22 stack frames]]>
    </failure>
  </testcase> <!-- firstTestCase -->
  <testcase name="secondTestCase" time="14.883" classname="ChallengeTest.Unosquare.AmazonTest"/>
</testsuite> <!-- Test -->
