<?xml version="1.0" encoding="UTF-8"?>
<testng-results skipped="0" failed="0" ignored="0" total="2" passed="2">
  <reporter-output>
  </reporter-output>
  <suite name="Suite" duration-ms="36177" started-at="2021-03-18T19:54:28 CST" finished-at="2021-03-18T19:55:04 CST">
    <groups>
    </groups>
    <test name="Test" duration-ms="36177" started-at="2021-03-18T19:54:28 CST" finished-at="2021-03-18T19:55:04 CST">
      <class name="ChallengeTest.Unosquare.AmazonTest">
        <test-method status="PASS" signature="setUp()[pri:0, instance:ChallengeTest.Unosquare.AmazonTest@15d0c81b]" name="setUp" is-config="true" duration-ms="3332" started-at="2021-03-18T19:54:28 CST" finished-at="2021-03-18T19:54:31 CST">
          <reporter-output>
          </reporter-output>
        </test-method> <!-- setUp -->
        <test-method status="PASS" signature="firstTestCase(java.lang.String)[pri:1, instance:ChallengeTest.Unosquare.AmazonTest@15d0c81b]" name="firstTestCase" duration-ms="20578" started-at="2021-03-18T19:54:31 CST" data-provider="dp" finished-at="2021-03-18T19:54:52 CST">
          <params>
            <param index="0">
              <value>
                <![CDATA[https://amazon.com,Samsung Galaxy Note 20,Echo]]>
              </value>
            </param>
          </params>
          <reporter-output>
          </reporter-output>
        </test-method> <!-- firstTestCase -->
        <test-method status="PASS" signature="secondTestCase(java.lang.String)[pri:2, instance:ChallengeTest.Unosquare.AmazonTest@15d0c81b]" name="secondTestCase" duration-ms="7898" started-at="2021-03-18T19:54:52 CST" data-provider="dp" finished-at="2021-03-18T19:55:00 CST">
          <params>
            <param index="0">
              <value>
                <![CDATA[https://amazon.com,Samsung Galaxy Note 20,Echo]]>
              </value>
            </param>
          </params>
          <reporter-output>
          </reporter-output>
        </test-method> <!-- secondTestCase -->
        <test-method status="PASS" signature="closeBrowser()[pri:0, instance:ChallengeTest.Unosquare.AmazonTest@15d0c81b]" name="closeBrowser" is-config="true" duration-ms="4263" started-at="2021-03-18T19:55:00 CST" finished-at="2021-03-18T19:55:04 CST">
          <reporter-output>
          </reporter-output>
        </test-method> <!-- closeBrowser -->
      </class> <!-- ChallengeTest.Unosquare.AmazonTest -->
    </test> <!-- Test -->
  </suite> <!-- Suite -->
</testng-results>
